This is pdfTeX, Version 3.1415926-2.3-1.40.12 (TeX Live 2011) (format=pdflatex 2012.6.2)  12 JUN 2012 05:32
entering extended mode
 \write18 enabled.
 file:line:error style messages enabled.
 %&-line parsing enabled.
**AcademicReport.tex
(./AcademicReport.tex
LaTeX2e <2009/09/24>
Babel <v3.8l> and hyphenation patterns for english, dumylang, nohyphenation, ge
rman-x-2009-06-19, ngerman-x-2009-06-19, afrikaans, ancientgreek, ibycus, arabi
c, armenian, basque, bulgarian, catalan, pinyin, coptic, croatian, czech, danis
h, dutch, ukenglish, usenglishmax, esperanto, estonian, ethiopic, farsi, finnis
h, french, galician, german, ngerman, swissgerman, monogreek, greek, hungarian,
 icelandic, assamese, bengali, gujarati, hindi, kannada, malayalam, marathi, or
iya, panjabi, tamil, telugu, indonesian, interlingua, irish, italian, kurmanji,
 lao, latin, latvian, lithuanian, mongolian, mongolianlmc, bokmal, nynorsk, pol
ish, portuguese, romanian, russian, sanskrit, serbian, serbianc, slovak, sloven
ian, spanish, swedish, turkish, turkmen, ukrainian, uppersorbian, welsh, loaded
.
(./Headers.tex
(/usr/local/texlive/2011/texmf-dist/tex/latex/koma-script/scrartcl.cls
Document Class: scrartcl 2011/04/02 v3.09 KOMA-Script document class (article)
(/usr/local/texlive/2011/texmf-dist/tex/latex/koma-script/scrkbase.sty
Package: scrkbase 2011/04/02 v3.09 KOMA-Script package (KOMA-Script-dependent b
asics and keyval usage)

(/usr/local/texlive/2011/texmf-dist/tex/latex/koma-script/scrbase.sty
Package: scrbase 2011/04/02 v3.09 KOMA-Script package (KOMA-Script-independent 
basics and keyval usage)

(/usr/local/texlive/2011/texmf-dist/tex/latex/graphics/keyval.sty
Package: keyval 1999/03/16 v1.13 key=value parser (DPC)
\KV@toks@=\toks14
)
(/usr/local/texlive/2011/texmf-dist/tex/latex/koma-script/scrlfile.sty
Package: scrlfile 2011/03/09 v3.09 KOMA-Script package (loading files)

Package scrlfile, 2011/03/09 v3.09 KOMA-Script package (loading files)
                  Copyright (C) Markus Kohm

))) (/usr/local/texlive/2011/texmf-dist/tex/latex/koma-script/tocbasic.sty
Package: tocbasic 2011/03/23 v3.09 KOMA-Script package (handling toc-files)
)
Package tocbasic Info: omitting babel extension for `toc'
(tocbasic)             because of feature `nobabel' available
(tocbasic)             for `toc' on input line 115.
Package tocbasic Info: omitting babel extension for `lof'
(tocbasic)             because of feature `nobabel' available
(tocbasic)             for `lof' on input line 116.
Package tocbasic Info: omitting babel extension for `lot'
(tocbasic)             because of feature `nobabel' available
(tocbasic)             for `lot' on input line 117.
Package scrartcl Info: You've used obsolete option `12pt'.
(scrartcl)             \KOMAExecuteOptions{fontsize=12pt} will be
(scrartcl)             used instead.
(scrartcl)             You may simply replace `12pt'
(scrartcl)             by `fontsize=12pt'.


Class scrartcl Warning: You've used obsolete option `bibtotocnumbered'.
(scrartcl)              Usage of this option indicates an old document and
(scrartcl)              changes compatibility level using
(scrartcl)              `bibliography=totocnumbered,version=first'.
(scrartcl)              If you don't want this, you should simply replace
(scrartcl)              usage of option `bibtotocnumbered' by `bibliography=tot
ocnumbered'.

Class scrartcl Info: Switching compatibility level to `first'.

Class scrartcl Warning: You've used obsolete option `liststotocnumbered'.
(scrartcl)              Usage of this option indicates an old document and
(scrartcl)              changes compatibility level using
(scrartcl)              `listof=numbered,version=first'.
(scrartcl)              If you don't want this, you should simply replace
(scrartcl)              usage of option `liststotocnumbered' by `listof=numbere
d'.

Class scrartcl Info: Switching compatibility level to `first'.

Class scrartcl Warning: You've used obsolete option `normalheadings'.
(scrartcl)              Usage of this option indicates an old document and
(scrartcl)              changes compatibility level using
(scrartcl)              `headings=normal,version=first'.
(scrartcl)              If you don't want this, you should simply replace
(scrartcl)              usage of option `normalheadings' by `headings=normal'.

Class scrartcl Info: Switching compatibility level to `first'.
Class scrartcl Info: File `scrsize12pt.clo' used to setup font sizes on input l
ine 1246.
(/usr/local/texlive/2011/texmf-dist/tex/latex/koma-script/scrsize12pt.clo
File: scrsize12pt.clo 2011/04/02 v3.09 KOMA-Script font size class option (12pt
)
)
(/usr/local/texlive/2011/texmf-dist/tex/latex/koma-script/typearea.sty
Package: typearea 2011/04/02 v3.09 KOMA-Script package (type area)

Package typearea, 2011/04/02 v3.09 KOMA-Script package (type area)
                  Copyright (C) Frank Neukam, 1992-1994
                  Copyright (C) Markus Kohm, 1994-

\ta@bcor=\skip41
\ta@div=\count79
Package typearea Info: You've used standard option `a4paper'.
(typearea)             This is correct!
(typearea)             Internally I'm using `paper=a4'.
(typearea)             If you'd like to set the option with \KOMAoptions,
(typearea)             you'd have to use `paper=a4' there
(typearea)             instead of `a4paper', too.
\ta@hblk=\skip42
\ta@vblk=\skip43
\ta@temp=\skip44
Package typearea Info: These are the values describing the layout:
(typearea)             DIV  = 12
(typearea)             BCOR = 0.0pt
(typearea)             \paperwidth      = 597.50793pt
(typearea)              \textwidth      = 448.13095pt
(typearea)              DIV departure   = -6%
(typearea)              \evensidemargin = 2.4185pt
(typearea)              \oddsidemargin  = 2.4185pt
(typearea)             \paperheight     = 845.04694pt
(typearea)              \textheight     = 635.5pt
(typearea)              \topmargin      = -41.72441pt
(typearea)              \headheight     = 18.125pt
(typearea)              \headsep        = 21.75pt
(typearea)              \topskip        = 12.0pt
(typearea)              \footskip       = 50.75pt
(typearea)              \baselineskip   = 14.5pt
(typearea)              on input line 1138.
)
\c@part=\count80
\c@section=\count81
\c@subsection=\count82
\c@subsubsection=\count83
\c@paragraph=\count84
\c@subparagraph=\count85
\abovecaptionskip=\skip45
\belowcaptionskip=\skip46
\c@pti@nb@sid@b@x=\box26
\c@figure=\count86
\c@table=\count87
\bibindent=\dimen102
) (/usr/local/texlive/2011/texmf-dist/tex/latex/base/inputenc.sty
Package: inputenc 2008/03/30 v1.1d Input encoding file
\inpenc@prehook=\toks15
\inpenc@posthook=\toks16

(/usr/local/texlive/2011/texmf-dist/tex/latex/base/latin9.def
File: latin9.def 2008/03/30 v1.1d Input encoding file
))
(/usr/local/texlive/2011/texmf-dist/tex/generic/babel/babel.sty
Package: babel 2008/07/06 v3.8l The Babel package

(/usr/local/texlive/2011/texmf-dist/tex/generic/babel/english.ldf
Language: english 2005/03/30 v3.3o English support from the babel system

(/usr/local/texlive/2011/texmf-dist/tex/generic/babel/babel.def
File: babel.def 2008/07/06 v3.8l Babel common definitions
\babel@savecnt=\count88
\U@D=\dimen103
)
\l@canadian = a dialect from \language\l@american 
\l@australian = a dialect from \language\l@british 
\l@newzealand = a dialect from \language\l@british 
))
(/usr/local/texlive/2011/texmf-dist/tex/latex/graphics/graphicx.sty
Package: graphicx 1999/02/16 v1.0f Enhanced LaTeX Graphics (DPC,SPQR)

(/usr/local/texlive/2011/texmf-dist/tex/latex/graphics/graphics.sty
Package: graphics 2009/02/05 v1.0o Standard LaTeX Graphics (DPC,SPQR)

(/usr/local/texlive/2011/texmf-dist/tex/latex/graphics/trig.sty
Package: trig 1999/03/16 v1.09 sin cos tan (DPC)
)
(/usr/local/texlive/2011/texmf-dist/tex/latex/latexconfig/graphics.cfg
File: graphics.cfg 2010/04/23 v1.9 graphics configuration of TeX Live
)
Package graphics Info: Driver file: pdftex.def on input line 91.

(/usr/local/texlive/2011/texmf-dist/tex/latex/pdftex-def/pdftex.def
File: pdftex.def 2011/05/27 v0.06d Graphics/color for pdfTeX

(/usr/local/texlive/2011/texmf-dist/tex/generic/oberdiek/infwarerr.sty
Package: infwarerr 2010/04/08 v1.3 Providing info/warning/message (HO)
)
(/usr/local/texlive/2011/texmf-dist/tex/generic/oberdiek/ltxcmds.sty
Package: ltxcmds 2011/04/18 v1.20 LaTeX kernel commands for general use (HO)
)
\Gread@gobject=\count89
))
\Gin@req@height=\dimen104
\Gin@req@width=\dimen105
)
(/usr/local/texlive/2011/texmf-dist/tex/latex/float/float.sty
Package: float 2001/11/08 v1.3d Float enhancements (AL)
\c@float@type=\count90
\float@exts=\toks17
\float@box=\box27
\@float@everytoks=\toks18
\@floatcapt=\box28
)
(/usr/local/texlive/2011/texmf-dist/tex/latex/url/url.sty
\Urlmuskip=\muskip10
Package: url 2006/04/12  ver 3.3  Verb mode for urls, etc.
)
(/usr/local/texlive/2011/texmf-dist/tex/latex/hyperref/hyperref.sty
Package: hyperref 2011/04/17 v6.82g Hypertext links for LaTeX

(/usr/local/texlive/2011/texmf-dist/tex/generic/oberdiek/hobsub-hyperref.sty
Package: hobsub-hyperref 2011/04/23 v1.4 Bundle oberdiek, subset hyperref (HO)

(/usr/local/texlive/2011/texmf-dist/tex/generic/oberdiek/hobsub-generic.sty
Package: hobsub-generic 2011/04/23 v1.4 Bundle oberdiek, subset generic (HO)
Package: hobsub 2011/04/23 v1.4 Subsetting bundle oberdiek (HO)
Package hobsub Info: Skipping package `infwarerr' (already loaded).
Package hobsub Info: Skipping package `ltxcmds' (already loaded).
Package: ifluatex 2010/03/01 v1.3 Provides the ifluatex switch (HO)
Package ifluatex Info: LuaTeX not detected.
Package: ifvtex 2010/03/01 v1.5 Switches for detecting VTeX and its modes (HO)
Package ifvtex Info: VTeX not detected.
Package: intcalc 2007/09/27 v1.1 Expandable integer calculations (HO)
Package: ifpdf 2011/01/30 v2.3 Provides the ifpdf switch (HO)
Package ifpdf Info: pdfTeX in PDF mode is detected.
Package: etexcmds 2011/02/16 v1.5 Prefix for e-TeX command names (HO)
Package etexcmds Info: Could not find \expanded.
(etexcmds)             That can mean that you are not using pdfTeX 1.50 or
(etexcmds)             that some package has redefined \expanded.
(etexcmds)             In the latter case, load this package earlier.
Package: kvsetkeys 2011/04/07 v1.13 Key value parser (HO)
Package: kvdefinekeys 2011/04/07 v1.3 Defining keys (HO)
Package: pdftexcmds 2011/04/22 v0.16 Utilities of pdfTeX for LuaTeX (HO)
Package pdftexcmds Info: LuaTeX not detected.
Package pdftexcmds Info: \pdf@primitive is available.
Package pdftexcmds Info: \pdf@ifprimitive is available.
Package pdftexcmds Info: \pdfdraftmode found.
Package: pdfescape 2011/04/04 v1.12 Provides string conversions (HO)
Package: bigintcalc 2011/01/30 v1.2 Expandable big integer calculations (HO)
Package: bitset 2011/01/30 v1.1 Data type bit set (HO)
Package: uniquecounter 2011/01/30 v1.2 Provides unlimited unique counter (HO)
)
Package hobsub Info: Skipping package `hobsub' (already loaded).
Package: letltxmacro 2010/09/02 v1.4 Let assignment for LaTeX macros (HO)
Package: hopatch 2011/01/30 v1.0 Wrapper for package hooks (HO)
Package: xcolor-patch 2011/01/30 xcolor patch
Package: atveryend 2011/04/23 v1.7 Hooks at very end of document (HO)
Package atveryend Info: \enddocument detected (standard).
Package: atbegshi 2011/01/30 v1.15 At begin shipout hook (HO)
Package: refcount 2010/12/01 v3.2 Data extraction from references (HO)
Package: hycolor 2011/01/30 v1.7 Color options of hyperref/bookmark (HO)
)
(/usr/local/texlive/2011/texmf-dist/tex/generic/ifxetex/ifxetex.sty
Package: ifxetex 2010/09/12 v0.6 Provides ifxetex conditional
)
(/usr/local/texlive/2011/texmf-dist/tex/latex/oberdiek/kvoptions.sty
Package: kvoptions 2010/12/23 v3.10 Keyval support for LaTeX options (HO)
)
\@linkdim=\dimen106
\Hy@linkcounter=\count91
\Hy@pagecounter=\count92

(/usr/local/texlive/2011/texmf-dist/tex/latex/hyperref/pd1enc.def
File: pd1enc.def 2011/04/17 v6.82g Hyperref: PDFDocEncoding definition (HO)
)
\Hy@SavedSpaceFactor=\count93

(/usr/local/texlive/2011/texmf-dist/tex/latex/latexconfig/hyperref.cfg
File: hyperref.cfg 2002/06/06 v1.2 hyperref configuration of TeXLive
)
Package hyperref Info: Option `bookmarks' set `true' on input line 3905.
Package hyperref Info: Option `bookmarksopen' set `true' on input line 3905.
Package hyperref Info: Option `bookmarksnumbered' set `true' on input line 3905
.
Package hyperref Info: Hyper figures OFF on input line 4026.
Package hyperref Info: Link nesting OFF on input line 4031.
Package hyperref Info: Hyper index ON on input line 4034.
Package hyperref Info: Plain pages OFF on input line 4041.
Package hyperref Info: Backreferencing OFF on input line 4046.
Package hyperref Info: Implicit mode ON; LaTeX internals redefined.
Package hyperref Info: Bookmarks ON on input line 4264.
\c@Hy@tempcnt=\count94
LaTeX Info: Redefining \url on input line 4617.
\Fld@menulength=\count95
\Field@Width=\dimen107
\Fld@charsize=\dimen108
Package hyperref Info: Hyper figures OFF on input line 5701.
Package hyperref Info: Link nesting OFF on input line 5706.
Package hyperref Info: Hyper index ON on input line 5709.
Package hyperref Info: backreferencing OFF on input line 5716.
Package hyperref Info: Link coloring OFF on input line 5721.
Package hyperref Info: Link coloring with OCG OFF on input line 5726.
Package hyperref Info: PDF/A mode OFF on input line 5731.
LaTeX Info: Redefining \ref on input line 5771.
LaTeX Info: Redefining \pageref on input line 5775.
\Hy@abspage=\count96
\c@Item=\count97
\c@Hfootnote=\count98
)

Package hyperref Message: Driver: hpdftex.

(/usr/local/texlive/2011/texmf-dist/tex/latex/hyperref/hpdftex.def
File: hpdftex.def 2011/04/17 v6.82g Hyperref driver for pdfTeX
\Fld@listcount=\count99
\c@bookmark@seq@number=\count100

(/usr/local/texlive/2011/texmf-dist/tex/latex/oberdiek/rerunfilecheck.sty
Package: rerunfilecheck 2011/04/15 v1.7 Rerun checks for auxiliary files (HO)
Package uniquecounter Info: New unique counter `rerunfilecheck' on input line 2
82.
)
\Hy@SectionHShift=\skip47
)
(/usr/local/texlive/2011/texmf-dist/tex/latex/glossaries/base/glossaries.sty
Package: glossaries 2011/04/12 v3.01 (NLCT)

(/usr/local/texlive/2011/texmf-dist/tex/latex/base/ifthen.sty
Package: ifthen 2001/05/26 v1.1c Standard LaTeX ifthen package (DPC)
)
(/usr/local/texlive/2011/texmf-dist/tex/latex/xkeyval/xkeyval.sty
Package: xkeyval 2008/08/13 v2.6a package option processing (HA)

(/usr/local/texlive/2011/texmf-dist/tex/generic/xkeyval/xkeyval.tex
\XKV@toks=\toks19
\XKV@tempa@toks=\toks20
\XKV@depth=\count101
File: xkeyval.tex 2008/08/13 v2.6a key=value parser (HA)
))
(/usr/local/texlive/2011/texmf-dist/tex/latex/glossaries/base/mfirstuc.sty
Package: mfirstuc 2011/04/02 v1.05 (NLCT)
\@glsmfirst=\toks21
\@glsmrest=\toks22
)
(/usr/local/texlive/2011/texmf-dist/tex/latex/xfor/xfor.sty
Package: xfor 2009/02/05 v1.05 (NLCT)
)
(/usr/local/texlive/2011/texmf-dist/tex/latex/amsmath/amsgen.sty
File: amsgen.sty 1999/11/30 v2.0
\@emptytoks=\toks23
\ex@=\dimen109
)
(/usr/local/texlive/2011/texmf-dist/tex/latex/etoolbox/etoolbox.sty
Package: etoolbox 2011/01/03 v2.1 e-TeX tools for LaTeX

(/usr/local/texlive/2011/texmf-dist/tex/latex/etex-pkg/etex.sty
Package: etex 1998/03/26 v2.0 eTeX basic definition package (PEB)
\et@xins=\count102
)
\etb@tempcnta=\count103
)
(/usr/local/texlive/2011/texmf-dist/tex/latex/beamer/translator/translator.sty
Package: translator 2010/06/12 ver 1.10

(/usr/local/texlive/2011/texmf-dist/tex/latex/beamer/translator/translator-lang
uage-mappings.tex))
\gls@level=\count104
\@gls@tmpb=\toks24
\gls@tmplen=\skip48
\glswrite=\write3
\glskeylisttok=\toks25
\glslabeltok=\toks26
\glsshorttok=\toks27
\glslongtok=\toks28

(/usr/local/texlive/2011/texmf-dist/tex/latex/glossaries/styles/glossary-hypern
av.sty
Package: glossary-hypernav 2007/07/04 v1.01 (NLCT)
)
(/usr/local/texlive/2011/texmf-dist/tex/latex/glossaries/styles/glossary-list.s
ty
Package: glossary-list 2011/03/28 v3.0 (NLCT)
\glslistdottedwidth=\skip49
)
(/usr/local/texlive/2011/texmf-dist/tex/latex/glossaries/styles/glossary-long.s
ty
Package: glossary-long 2011/03/28 v3.0 (NLCT)
 (/usr/local/texlive/2011/texmf-dist/tex/latex/tools/longtable.sty
Package: longtable 2004/02/01 v4.11 Multi-page Table package (DPC)
\LTleft=\skip50
\LTright=\skip51
\LTpre=\skip52
\LTpost=\skip53
\LTchunksize=\count105
\LTcapwidth=\dimen110
\LT@head=\box29
\LT@firsthead=\box30
\LT@foot=\box31
\LT@lastfoot=\box32
\LT@cols=\count106
\LT@rows=\count107
\c@LT@tables=\count108
\c@LT@chunks=\count109
\LT@p@ftn=\toks29
)
Class scrartcl Info: longtable captions redefined on input line 43.
\glsdescwidth=\skip54
\glspagelistwidth=\skip55
)
(/usr/local/texlive/2011/texmf-dist/tex/latex/glossaries/styles/glossary-super.
sty
Package: glossary-super 2011/03/28 v3.0 (NLCT)
 (/usr/local/texlive/2011/texmf-dist/tex/latex/supertabular/supertabular.sty
Package: supertabular 2004/02/20 v4.1e the supertabular environment
\c@tracingst=\count110
\ST@wd=\dimen111
\ST@rightskip=\skip56
\ST@leftskip=\skip57
\ST@parfillskip=\skip58
\ST@pageleft=\dimen112
\ST@headht=\dimen113
\ST@tailht=\dimen114
\ST@pagesofar=\dimen115
\ST@pboxht=\dimen116
\ST@lineht=\dimen117
\ST@stretchht=\dimen118
\ST@prevht=\dimen119
\ST@toadd=\dimen120
\ST@dimen=\dimen121
\ST@pbox=\box33
))
(/usr/local/texlive/2011/texmf-dist/tex/latex/glossaries/styles/glossary-tree.s
ty
Package: glossary-tree 2011/03/28 v3.0 (NLCT)
\glstreeindent=\skip59
))
\glo@main@file=\write4
\openout4 = `AcademicReport.glo'.

Package glossaries Info: Writing glossary file AcademicReport.glo on input line
 21.
 (/usr/local/texlive/2011/texmf-dist/tex/latex/geometry/geometry.sty
Package: geometry 2010/09/12 v5.6 Page Geometry
\Gm@cnth=\count111
\Gm@cntv=\count112
\c@Gm@tempcnt=\count113
\Gm@bindingoffset=\dimen122
\Gm@wd@mp=\dimen123
\Gm@odd@mp=\dimen124
\Gm@even@mp=\dimen125
\Gm@layoutwidth=\dimen126
\Gm@layoutheight=\dimen127
\Gm@layouthoffset=\dimen128
\Gm@layoutvoffset=\dimen129
\Gm@dimlist=\toks30
)
(/usr/local/texlive/2011/texmf-dist/tex/latex/setspace/setspace.sty
Package: setspace 2000/12/01 6.7 Contributed and Supported LaTeX2e package

Package: `setspace' 6.7 <2000/12/01>
) (/usr/local/texlive/2011/texmf-dist/tex/latex/fancyhdr/fancyhdr.sty
\fancy@headwidth=\skip60
\f@ncyO@elh=\skip61
\f@ncyO@erh=\skip62
\f@ncyO@olh=\skip63
\f@ncyO@orh=\skip64
\f@ncyO@elf=\skip65
\f@ncyO@erf=\skip66
\f@ncyO@olf=\skip67
\f@ncyO@orf=\skip68
)
(/usr/local/texlive/2011/texmf-dist/tex/latex/natbib/natbib.sty
Package: natbib 2010/09/13 8.31b (PWD, AO)
\bibhang=\skip69
\bibsep=\skip70
LaTeX Info: Redefining \cite on input line 694.
\c@NAT@ctr=\count114
)
(/usr/local/texlive/2011/texmf-dist/tex/latex/tools/tabularx.sty
Package: tabularx 1999/01/07 v2.07 `tabularx' package (DPC)

(/usr/local/texlive/2011/texmf-dist/tex/latex/tools/array.sty
Package: array 2008/09/09 v2.4c Tabular extension package (FMi)
\col@sep=\dimen130
\extrarowheight=\dimen131
\NC@list=\toks31
\extratabsurround=\skip71
\backup@length=\skip72
)
\TX@col@width=\dimen132
\TX@old@table=\dimen133
\TX@old@col=\dimen134
\TX@target=\dimen135
\TX@delta=\dimen136
\TX@cols=\count115
\TX@ftn=\toks32
)
(/usr/local/texlive/2011/texmf-dist/tex/latex/listings/listings.sty
\lst@mode=\count116
\lst@gtempboxa=\box34
\lst@token=\toks33
\lst@length=\count117
\lst@currlwidth=\dimen137
\lst@column=\count118
\lst@pos=\count119
\lst@lostspace=\dimen138
\lst@width=\dimen139
\lst@newlines=\count120
\lst@lineno=\count121
\lst@maxwidth=\dimen140

(/usr/local/texlive/2011/texmf-dist/tex/latex/listings/lstmisc.sty
File: lstmisc.sty 2007/02/22 1.4 (Carsten Heinz)
\c@lstnumber=\count122
\lst@skipnumbers=\count123
\lst@framebox=\box35
)
(/usr/local/texlive/2011/texmf-dist/tex/latex/listings/listings.cfg
File: listings.cfg 2007/02/22 1.4 listings configuration
))
Package: listings 2007/02/22 1.4 (Carsten Heinz)

(/usr/local/texlive/2011/texmf-dist/tex/latex/comment/comment.sty
\CommentStream=\write5

Excluding comment 'comment')
(/usr/local/texlive/2011/texmf-dist/tex/latex/fancybox/fancybox.sty
Package: fancybox 2010/05/15 1.4

Style option: `fancybox' v1.4 <2010/05/15> (tvz)
\@fancybox=\box36
\shadowsize=\dimen141
\@Sbox=\box37
\do@VerbBox=\toks34
\the@fancyput=\toks35
\this@fancyput=\toks36
\EndVerbatimTokens=\toks37
\Verbatim@Outfile=\write6
\Verbatim@Infile=\read1
) Special comment 'comment'
(/usr/local/texlive/2011/texmf-dist/tex/latex/tools/enumerate.sty
Package: enumerate 1999/03/05 v3.00 enumerate extensions (DPC)
\@enLab=\toks38
))
(./AcademicReport.aux (./Titlepage.aux) (./Chapters/Abstract.aux)
(./Chapters/01_Introduction.aux) (./Chapters/02_Process.aux)
(./Chapters/03_SystemDesign.aux) (./Chapters/04_Evaluation.aux)
(./Chapters/05_Reflection.aux) (./Chapters/06_Conclusion.aux)
(./Chapters/Appendix.aux))
\openout1 = `AcademicReport.aux'.

LaTeX Font Info:    Checking defaults for OML/cmm/m/it on input line 11.
LaTeX Font Info:    ... okay on input line 11.
LaTeX Font Info:    Checking defaults for T1/cmr/m/n on input line 11.
LaTeX Font Info:    ... okay on input line 11.
LaTeX Font Info:    Checking defaults for OT1/cmr/m/n on input line 11.
LaTeX Font Info:    ... okay on input line 11.
LaTeX Font Info:    Checking defaults for OMS/cmsy/m/n on input line 11.
LaTeX Font Info:    ... okay on input line 11.
LaTeX Font Info:    Checking defaults for OMX/cmex/m/n on input line 11.
LaTeX Font Info:    ... okay on input line 11.
LaTeX Font Info:    Checking defaults for U/cmr/m/n on input line 11.
LaTeX Font Info:    ... okay on input line 11.
LaTeX Font Info:    Checking defaults for PD1/pdf/m/n on input line 11.
LaTeX Font Info:    ... okay on input line 11.

(/usr/local/texlive/2011/texmf-dist/tex/context/base/supp-pdf.mkii
[Loading MPS to PDF converter (version 2006.09.02).]
\scratchcounter=\count124
\scratchdimen=\dimen142
\scratchbox=\box38
\nofMPsegments=\count125
\nofMParguments=\count126
\everyMPshowfont=\toks39
\MPscratchCnt=\count127
\MPscratchDim=\dimen143
\MPnumerator=\count128
\makeMPintoPDFobject=\count129
\everyMPtoPDFconversion=\toks40
) (/usr/local/texlive/2011/texmf-dist/tex/latex/oberdiek/epstopdf-base.sty
Package: epstopdf-base 2010/02/09 v2.5 Base part for package epstopdf

(/usr/local/texlive/2011/texmf-dist/tex/latex/oberdiek/grfext.sty
Package: grfext 2010/08/19 v1.1 Managing graphics extensions (HO)
)
Package grfext Info: Graphics extension search list:
(grfext)             [.png,.pdf,.jpg,.mps,.jpeg,.jbig2,.jb2,.PNG,.PDF,.JPG,.JPE
G,.JBIG2,.JB2,.eps]
(grfext)             \AppendGraphicsExtensions on input line 452.

(/usr/local/texlive/2011/texmf-dist/tex/latex/latexconfig/epstopdf-sys.cfg
File: epstopdf-sys.cfg 2010/07/13 v1.3 Configuration of (r)epstopdf for TeX Liv
e
))
\AtBeginShipoutBox=\box39
Package hyperref Info: Link coloring OFF on input line 11.

(/usr/local/texlive/2011/texmf-dist/tex/latex/hyperref/nameref.sty
Package: nameref 2010/04/30 v2.40 Cross-referencing by name of section

(/usr/local/texlive/2011/texmf-dist/tex/generic/oberdiek/gettitlestring.sty
Package: gettitlestring 2010/12/03 v1.4 Cleanup title references (HO)
)
\c@section@level=\count130
)
LaTeX Info: Redefining \ref on input line 11.
LaTeX Info: Redefining \pageref on input line 11.
LaTeX Info: Redefining \nameref on input line 11.

(./AcademicReport.out) (./AcademicReport.out)
\@outlinefile=\write7
\openout7 = `AcademicReport.out'.


(/usr/local/texlive/2011/texmf-dist/tex/latex/glossaries/dict/glossaries-dictio
nary-English.dict
Dictionary: glossaries-dictionary, Language: English 
)
*geometry* driver: auto-detecting
*geometry* detected driver: pdftex

Package geometry Warning: The marginal notes overrun the paper.
     Add 5.72693pt and more to the right margin.

*geometry* verbose mode - [ preamble ] result:
* driver: pdftex
* paper: a4paper
* layout: <same size as paper>
* layoutoffset:(h,v)=(0.0pt,0.0pt)
* modes: 
* h-part:(L,W,R)=(56.9055pt, 483.69687pt, 56.9055pt)
* v-part:(T,H,B)=(56.9055pt, 739.77176pt, 48.36958pt)
* \paperwidth=597.50787pt
* \paperheight=845.04684pt
* \textwidth=483.69687pt
* \textheight=654.41338pt
* \oddsidemargin=-15.36449pt
* \evensidemargin=-15.36449pt
* \topmargin=-33.48949pt
* \headheight=33.0pt
* \headsep=28.45274pt
* \topskip=12.0pt
* \footskip=28.45274pt
* \marginparwidth=49.79233pt
* \marginparsep=12.8401pt
* \columnsep=10.0pt
* \skip\footins=10.8pt plus 4.0pt minus 2.0pt
* \hoffset=0.0pt
* \voffset=0.0pt
* \mag=1000
* \@twocolumnfalse
* \@twosidefalse
* \@mparswitchfalse
* \@reversemarginfalse
* (1in=72.27pt=25.4mm, 1cm=28.453pt)

\c@lstlisting=\count131
\openout2 = `Titlepage.aux'.

(./Titlepage.tex <Images/usyd_logo.jpg, id=389, 383.18156pt x 188.20313pt>
File: Images/usyd_logo.jpg Graphic file (type jpg)

<use Images/usyd_logo.jpg>
Package pdftex.def Info: Images/usyd_logo.jpg used on input line 10.
(pdftex.def)             Requested size: 383.18062pt x 188.20265pt.
 [1

\openout3 = `AcademicReport.ist'.


{/usr/local/texlive/2011/texmf-var/fonts/map/pdftex/updmap/pdftex.map} <./Image
s/usyd_logo.jpg>])
\openout2 = `Chapters/Abstract.aux'.

 (./Chapters/Abstract.tex)
File: Images/usyd_logo.jpg Graphic file (type jpg)

<use Images/usyd_logo.jpg>
Package pdftex.def Info: Images/usyd_logo.jpg used on input line 18.
(pdftex.def)             Requested size: 57.92496pt x 28.45274pt.
 [2



] (./AcademicReport.toc
LaTeX Font Info:    External font `cmex10' loaded for size
(Font)              <12> on input line 4.
LaTeX Font Info:    External font `cmex10' loaded for size
(Font)              <8> on input line 4.
LaTeX Font Info:    External font `cmex10' loaded for size
(Font)              <6> on input line 4.
File: Images/usyd_logo.jpg Graphic file (type jpg)

<use Images/usyd_logo.jpg>
Package pdftex.def Info: Images/usyd_logo.jpg used on input line 33.
(pdftex.def)             Requested size: 57.92496pt x 28.45274pt.
 [3

]
File: Images/usyd_logo.jpg Graphic file (type jpg)
 <use Images/usyd_logo.jpg>
Package pdftex.def Info: Images/usyd_logo.jpg used on input line 64.
(pdftex.def)             Requested size: 57.92496pt x 28.45274pt.
 [4])
\tf@toc=\write8
\openout8 = `AcademicReport.toc'.

File: Images/usyd_logo.jpg Graphic file (type jpg)

<use Images/usyd_logo.jpg>
Package pdftex.def Info: Images/usyd_logo.jpg used on input line 24.
(pdftex.def)             Requested size: 57.92496pt x 28.45274pt.
 [5] (./AcademicReport.gls
File: Images/usyd_logo.jpg Graphic file (type jpg)

<use Images/usyd_logo.jpg>
Package pdftex.def Info: Images/usyd_logo.jpg used on input line 55.
(pdftex.def)             Requested size: 57.92496pt x 28.45274pt.
 [6]
File: Images/usyd_logo.jpg Graphic file (type jpg)
 <use Images/usyd_logo.jpg>
Package pdftex.def Info: Images/usyd_logo.jpg used on input line 92.
(pdftex.def)             Requested size: 57.92496pt x 28.45274pt.
 [7]
File: Images/usyd_logo.jpg Graphic file (type jpg)

<use Images/usyd_logo.jpg>
Package pdftex.def Info: Images/usyd_logo.jpg used on input line 130.
(pdftex.def)             Requested size: 57.92496pt x 28.45274pt.
 [8])
File: Images/usyd_logo.jpg Graphic file (type jpg)
 <use Images/usyd_logo.jpg>
Package pdftex.def Info: Images/usyd_logo.jpg used on input line 35.
(pdftex.def)             Requested size: 57.92496pt x 28.45274pt.
 [9]
\openout2 = `Chapters/01_Introduction.aux'.


(./Chapters/01_Introduction.tex
Underfull \hbox (badness 10000) in paragraph at lines 3--8

 []


Underfull \hbox (badness 10000) in paragraph at lines 3--8

 []

File: Images/usyd_logo.jpg Graphic file (type jpg)
<use Images/usyd_logo.jpg>
Package pdftex.def Info: Images/usyd_logo.jpg used on input line 8.
(pdftex.def)             Requested size: 57.92496pt x 28.45274pt.
 [10

]
File: Images/usyd_logo.jpg Graphic file (type jpg)
 <use Images/usyd_logo.jpg>
Package pdftex.def Info: Images/usyd_logo.jpg used on input line 18.
(pdftex.def)             Requested size: 57.92496pt x 28.45274pt.
 [11]
LaTeX Font Info:    Try loading font information for OMS+cmr on input line 22.

(/usr/local/texlive/2011/texmf-dist/tex/latex/base/omscmr.fd
File: omscmr.fd 1999/05/25 v2.5h Standard LaTeX font definitions
)
LaTeX Font Info:    Font shape `OMS/cmr/m/n' in size <12> not available
(Font)              Font shape `OMS/cmsy/m/n' tried instead on input line 22.
File: Images/usyd_logo.jpg Graphic file (type jpg)

<use Images/usyd_logo.jpg>
Package pdftex.def Info: Images/usyd_logo.jpg used on input line 74.
(pdftex.def)             Requested size: 57.92496pt x 28.45274pt.
 [12]
File: Images/usyd_logo.jpg Graphic file (type jpg)
 <use Images/usyd_logo.jpg>
Package pdftex.def Info: Images/usyd_logo.jpg used on input line 92.
(pdftex.def)             Requested size: 57.92496pt x 28.45274pt.
 [13])
File: Images/usyd_logo.jpg Graphic file (type jpg)

<use Images/usyd_logo.jpg>
Package pdftex.def Info: Images/usyd_logo.jpg used on input line 35.
(pdftex.def)             Requested size: 57.92496pt x 28.45274pt.
 [14]
\openout2 = `Chapters/02_Process.aux'.

 (./Chapters/02_Process.tex
Underfull \hbox (badness 10000) in paragraph at lines 7--10

 []

File: Images/usyd_logo.jpg Graphic file (type jpg)
<use Images/usyd_logo.jpg>
Package pdftex.def Info: Images/usyd_logo.jpg used on input line 10.
(pdftex.def)             Requested size: 57.92496pt x 28.45274pt.
 [15


]
File: Images/usyd_logo.jpg Graphic file (type jpg)
 <use Images/usyd_logo.jpg>
Package pdftex.def Info: Images/usyd_logo.jpg used on input line 17.
(pdftex.def)             Requested size: 57.92496pt x 28.45274pt.
 [16]
Underfull \hbox (badness 10000) in paragraph at lines 25--28

 []

File: Images/usyd_logo.jpg Graphic file (type jpg)
<use Images/usyd_logo.jpg>
Package pdftex.def Info: Images/usyd_logo.jpg used on input line 29.
(pdftex.def)             Requested size: 57.92496pt x 28.45274pt.
 [17]
<Images/Clinical_Handover_All_Roles.png, id=649, 364.36125pt x 213.79875pt>
File: Images/Clinical_Handover_All_Roles.png Graphic file (type png)

<use Images/Clinical_Handover_All_Roles.png>
Package pdftex.def Info: Images/Clinical_Handover_All_Roles.png used on input l
ine 35.
(pdftex.def)             Requested size: 364.36035pt x 213.79822pt.
File: Images/usyd_logo.jpg Graphic file (type jpg)
 <use Images/usyd_logo.jpg>
Package pdftex.def Info: Images/usyd_logo.jpg used on input line 42.
(pdftex.def)             Requested size: 57.92496pt x 28.45274pt.

[18 <./Images/Clinical_Handover_All_Roles.png>]
<Images/Project_Process.png, id=657, 394.47375pt x 383.4325pt>
File: Images/Project_Process.png Graphic file (type png)

<use Images/Project_Process.png>
Package pdftex.def Info: Images/Project_Process.png used on input line 47.
(pdftex.def)             Requested size: 394.47278pt x 383.43156pt.
)
Underfull \hbox (badness 10000) in paragraph at lines 52--36

 []


Underfull \hbox (badness 10000) in paragraph at lines 52--36

 []

File: Images/usyd_logo.jpg Graphic file (type jpg)
<use Images/usyd_logo.jpg>
Package pdftex.def Info: Images/usyd_logo.jpg used on input line 36.
(pdftex.def)             Requested size: 57.92496pt x 28.45274pt.
 [19 <./Images/Project_Process.png>]
File: Images/usyd_logo.jpg Graphic file (type jpg)

<use Images/usyd_logo.jpg>
Package pdftex.def Info: Images/usyd_logo.jpg used on input line 36.
(pdftex.def)             Requested size: 57.92496pt x 28.45274pt.
 [20]
\openout2 = `Chapters/03_SystemDesign.aux'.

 (./Chapters/03_SystemDesign.tex
Underfull \hbox (badness 10000) in paragraph at lines 2--5

 []

File: Images/usyd_logo.jpg Graphic file (type jpg)
<use Images/usyd_logo.jpg>
Package pdftex.def Info: Images/usyd_logo.jpg used on input line 10.
(pdftex.def)             Requested size: 57.92496pt x 28.45274pt.
 [21


]
<Images/Clinical_Handover_Overview.png, id=676, 500.87125pt x 422.57875pt>
File: Images/Clinical_Handover_Overview.png Graphic file (type png)

<use Images/Clinical_Handover_Overview.png>
Package pdftex.def Info: Images/Clinical_Handover_Overview.png used on input li
ne 13.
(pdftex.def)             Requested size: 500.87001pt x 422.57771pt.

Underfull \hbox (badness 10000) in paragraph at lines 18--25

 []


Underfull \hbox (badness 10000) in paragraph at lines 18--25

 []


Underfull \hbox (badness 10000) in paragraph at lines 18--25

 []

File: Images/usyd_logo.jpg Graphic file (type jpg)
<use Images/usyd_logo.jpg>
Package pdftex.def Info: Images/usyd_logo.jpg used on input line 25.
(pdftex.def)             Requested size: 57.92496pt x 28.45274pt.
 [22 <./Images/Clinical_Handover_Overview.png>]
File: Images/usyd_logo.jpg Graphic file (type jpg)

<use Images/usyd_logo.jpg>
Package pdftex.def Info: Images/usyd_logo.jpg used on input line 30.
(pdftex.def)             Requested size: 57.92496pt x 28.45274pt.
 [23]
Underfull \hbox (badness 10000) in paragraph at lines 31--34

 []


Underfull \hbox (badness 10000) in paragraph at lines 31--34

 []


Underfull \hbox (badness 10000) in paragraph at lines 31--34

 []

File: Images/usyd_logo.jpg Graphic file (type jpg)
<use Images/usyd_logo.jpg>
Package pdftex.def Info: Images/usyd_logo.jpg used on input line 56.
(pdftex.def)             Requested size: 57.92496pt x 28.45274pt.
 [24]
Underfull \hbox (badness 10000) in paragraph at lines 57--64

 []


Underfull \hbox (badness 10000) in paragraph at lines 57--64

 []


Underfull \hbox (badness 10000) in paragraph at lines 57--64

 []


<Images/Nurse-to-Nurse-Handover-Process-As-Is.png, id=693, 822.07124pt x 466.74
374pt>
File: Images/Nurse-to-Nurse-Handover-Process-As-Is.png Graphic file (type png)
 <use Images/Nurse-to-Nurse-Handover-Process-As-Is.png>
Package pdftex.def Info: Images/Nurse-to-Nurse-Handover-Process-As-Is.png used 
on input line 67.
(pdftex.def)             Requested size: 822.06923pt x 466.7426pt.
File: Images/usyd_logo.jpg Graphic file (type jpg)

<use Images/usyd_logo.jpg>
Package pdftex.def Info: Images/usyd_logo.jpg used on input line 71.
(pdftex.def)             Requested size: 57.92496pt x 28.45274pt.
 [25]
File: Images/usyd_logo.jpg Graphic file (type jpg)
 <use Images/usyd_logo.jpg>
Package pdftex.def Info: Images/usyd_logo.jpg used on input line 71.
(pdftex.def)             Requested size: 57.92496pt x 28.45274pt.
 [26 <./Images/Nurse-to-Nurse-Handover-Process-As-Is.png>]
Underfull \hbox (badness 10000) in paragraph at lines 74--79

 []


Underfull \hbox (badness 10000) in paragraph at lines 74--79

 []

File: Images/usyd_logo.jpg Graphic file (type jpg)
<use Images/usyd_logo.jpg>
Package pdftex.def Info: Images/usyd_logo.jpg used on input line 85.
(pdftex.def)             Requested size: 57.92496pt x 28.45274pt.
 [27]
Underfull \hbox (badness 10000) in paragraph at lines 96--99

 []

<Images/Design-Process.png, id=715, 667.49374pt x 246.9225pt>
File: Images/Design-Process.png Graphic file (type png)

<use Images/Design-Process.png>
Package pdftex.def Info: Images/Design-Process.png used on input line 105.
(pdftex.def)             Requested size: 667.49213pt x 246.92188pt.
File: Images/usyd_logo.jpg Graphic file (type jpg)
 <use Images/usyd_logo.jpg>
Package pdftex.def Info: Images/usyd_logo.jpg used on input line 107.
(pdftex.def)             Requested size: 57.92496pt x 28.45274pt.
 [28]
Underfull \hbox (badness 10000) in paragraph at lines 109--114

 []


Underfull \hbox (badness 10000) in paragraph at lines 109--114

 []


Underfull \hbox (badness 10000) in paragraph at lines 116--119

 []

File: Images/usyd_logo.jpg Graphic file (type jpg)
<use Images/usyd_logo.jpg>
Package pdftex.def Info: Images/usyd_logo.jpg used on input line 119.
(pdftex.def)             Requested size: 57.92496pt x 28.45274pt.
 [29 <./Images/Design-Process.png>]
File: Images/usyd_logo.jpg Graphic file (type jpg)

<use Images/usyd_logo.jpg>
Package pdftex.def Info: Images/usyd_logo.jpg used on input line 123.
(pdftex.def)             Requested size: 57.92496pt x 28.45274pt.
 [30]
Underfull \hbox (badness 10000) in paragraph at lines 129--138

 []


Underfull \hbox (badness 10000) in paragraph at lines 129--138

 []


Underfull \hbox (badness 10000) in paragraph at lines 129--138

 []


Underfull \hbox (badness 10000) in paragraph at lines 129--138

 []

File: Images/usyd_logo.jpg Graphic file (type jpg)
<use Images/usyd_logo.jpg>
Package pdftex.def Info: Images/usyd_logo.jpg used on input line 138.
(pdftex.def)             Requested size: 57.92496pt x 28.45274pt.
 [31]
<Images/Nurse-to-Nurse-Handover-Process-To-Be.png, id=749, 825.0825pt x 502.878
75pt>
File: Images/Nurse-to-Nurse-Handover-Process-To-Be.png Graphic file (type png)
 <use Images/Nurse-to-Nurse-Handover-Process-To-Be.png>
Package pdftex.def Info: Images/Nurse-to-Nurse-Handover-Process-To-Be.png used 
on input line 141.
(pdftex.def)             Requested size: 825.08049pt x 502.87752pt.
File: Images/usyd_logo.jpg Graphic file (type jpg)

<use Images/usyd_logo.jpg>
Package pdftex.def Info: Images/usyd_logo.jpg used on input line 145.
(pdftex.def)             Requested size: 57.92496pt x 28.45274pt.
 [32]
File: Images/usyd_logo.jpg Graphic file (type jpg)
 <use Images/usyd_logo.jpg>
Package pdftex.def Info: Images/usyd_logo.jpg used on input line 145.
(pdftex.def)             Requested size: 57.92496pt x 28.45274pt.
 [33 <./Images/Nurse-to-Nurse-Handover-Process-To-Be.png>]
Underfull \hbox (badness 10000) in paragraph at lines 146--151

 []


Underfull \hbox (badness 10000) in paragraph at lines 146--151

 []

)
File: Images/usyd_logo.jpg Graphic file (type jpg)
 <use Images/usyd_logo.jpg>
Package pdftex.def Info: Images/usyd_logo.jpg used on input line 37.
(pdftex.def)             Requested size: 57.92496pt x 28.45274pt.
 [34]
\openout2 = `Chapters/04_Evaluation.aux'.

 (./Chapters/04_Evaluation.tex
Underfull \hbox (badness 10000) in paragraph at lines 10--13

 []

File: Images/usyd_logo.jpg Graphic file (type jpg)
<use Images/usyd_logo.jpg>
Package pdftex.def Info: Images/usyd_logo.jpg used on input line 13.
(pdftex.def)             Requested size: 57.92496pt x 28.45274pt.
 [35


]
Underfull \hbox (badness 10000) in paragraph at lines 16--19

 []

<Images/Evaluation-Results.png, id=779, 485.815pt x 448.67625pt>
File: Images/Evaluation-Results.png Graphic file (type png)

<use Images/Evaluation-Results.png>
Package pdftex.def Info: Images/Evaluation-Results.png used on input line 22.
(pdftex.def)             Requested size: 485.81381pt x 448.67516pt.
File: Images/usyd_logo.jpg Graphic file (type jpg)
 <use Images/usyd_logo.jpg>
Package pdftex.def Info: Images/usyd_logo.jpg used on input line 26.
(pdftex.def)             Requested size: 57.92496pt x 28.45274pt.
 [36 <./Images/Evaluation-Results.png>])
Underfull \hbox (badness 10000) in paragraph at lines 28--38

 []


Underfull \hbox (badness 10000) in paragraph at lines 28--38

 []


Underfull \hbox (badness 10000) in paragraph at lines 28--38

 []


Underfull \hbox (badness 10000) in paragraph at lines 28--38

 []


Underfull \hbox (badness 10000) in paragraph at lines 28--38

 []

File: Images/usyd_logo.jpg Graphic file (type jpg)
<use Images/usyd_logo.jpg>
Package pdftex.def Info: Images/usyd_logo.jpg used on input line 38.
(pdftex.def)             Requested size: 57.92496pt x 28.45274pt.
 [37]
File: Images/usyd_logo.jpg Graphic file (type jpg)
 <use Images/usyd_logo.jpg>
Package pdftex.def Info: Images/usyd_logo.jpg used on input line 38.
(pdftex.def)             Requested size: 57.92496pt x 28.45274pt.
 [38]
\openout2 = `Chapters/05_Reflection.aux'.


(./Chapters/05_Reflection.tex
File: Images/usyd_logo.jpg Graphic file (type jpg)
 <use Images/usyd_logo.jpg>
Package pdftex.def Info: Images/usyd_logo.jpg used on input line 15.
(pdftex.def)             Requested size: 57.92496pt x 28.45274pt.
 [39


]
Underfull \hbox (badness 10000) in paragraph at lines 20--25

 []


Underfull \hbox (badness 10000) in paragraph at lines 20--25

 []

File: Images/usyd_logo.jpg Graphic file (type jpg)
<use Images/usyd_logo.jpg>
Package pdftex.def Info: Images/usyd_logo.jpg used on input line 25.
(pdftex.def)             Requested size: 57.92496pt x 28.45274pt.
 [40])
File: Images/usyd_logo.jpg Graphic file (type jpg)
 <use Images/usyd_logo.jpg>
Package pdftex.def Info: Images/usyd_logo.jpg used on input line 39.
(pdftex.def)             Requested size: 57.92496pt x 28.45274pt.
 [41]
\openout2 = `Chapters/06_Conclusion.aux'.


(./Chapters/06_Conclusion.tex
Underfull \hbox (badness 10000) in paragraph at lines 3--6

 []

File: Images/usyd_logo.jpg Graphic file (type jpg)
<use Images/usyd_logo.jpg>
Package pdftex.def Info: Images/usyd_logo.jpg used on input line 10.
(pdftex.def)             Requested size: 57.92496pt x 28.45274pt.
 [42


])
File: Images/usyd_logo.jpg Graphic file (type jpg)
 <use Images/usyd_logo.jpg>
Package pdftex.def Info: Images/usyd_logo.jpg used on input line 40.
(pdftex.def)             Requested size: 57.92496pt x 28.45274pt.
 [43]
(./AcademicReport.bbl)
File: Images/usyd_logo.jpg Graphic file (type jpg)
 <use Images/usyd_logo.jpg>
Package pdftex.def Info: Images/usyd_logo.jpg used on input line 54.
(pdftex.def)             Requested size: 57.92496pt x 28.45274pt.
 [44

]
\openout2 = `Chapters/Appendix.aux'.

 (./Chapters/Appendix.tex
File: Images/usyd_logo.jpg Graphic file (type jpg)
<use Images/usyd_logo.jpg>
Package pdftex.def Info: Images/usyd_logo.jpg used on input line 26.
(pdftex.def)             Requested size: 57.92496pt x 28.45274pt.
 [45

]
File: Images/usyd_logo.jpg Graphic file (type jpg)
 <use Images/usyd_logo.jpg>
Package pdftex.def Info: Images/usyd_logo.jpg used on input line 57.
(pdftex.def)             Requested size: 57.92496pt x 28.45274pt.
 [46]
Underfull \hbox (badness 10000) in paragraph at lines 72--75

 []

File: Images/usyd_logo.jpg Graphic file (type jpg)
<use Images/usyd_logo.jpg>
Package pdftex.def Info: Images/usyd_logo.jpg used on input line 84.
(pdftex.def)             Requested size: 57.92496pt x 28.45274pt.
 [47]
File: Images/usyd_logo.jpg Graphic file (type jpg)
 <use Images/usyd_logo.jpg>
Package pdftex.def Info: Images/usyd_logo.jpg used on input line 110.
(pdftex.def)             Requested size: 57.92496pt x 28.45274pt.
 [48]
File: Images/usyd_logo.jpg Graphic file (type jpg)

<use Images/usyd_logo.jpg>
Package pdftex.def Info: Images/usyd_logo.jpg used on input line 140.
(pdftex.def)             Requested size: 57.92496pt x 28.45274pt.
 [49]
File: Images/usyd_logo.jpg Graphic file (type jpg)
 <use Images/usyd_logo.jpg>
Package pdftex.def Info: Images/usyd_logo.jpg used on input line 164.
(pdftex.def)             Requested size: 57.92496pt x 28.45274pt.
 [50]
File: Images/usyd_logo.jpg Graphic file (type jpg)

<use Images/usyd_logo.jpg>
Package pdftex.def Info: Images/usyd_logo.jpg used on input line 187.
(pdftex.def)             Requested size: 57.92496pt x 28.45274pt.
 [51]
File: Images/usyd_logo.jpg Graphic file (type jpg)
 <use Images/usyd_logo.jpg>
Package pdftex.def Info: Images/usyd_logo.jpg used on input line 223.
(pdftex.def)             Requested size: 57.92496pt x 28.45274pt.
 [52]
File: Images/usyd_logo.jpg Graphic file (type jpg)

<use Images/usyd_logo.jpg>
Package pdftex.def Info: Images/usyd_logo.jpg used on input line 223.
(pdftex.def)             Requested size: 57.92496pt x 28.45274pt.
 [53]
Overfull \hbox (8.49707pt too wide) in paragraph at lines 225--251
[] [] 
 []

File: Images/usyd_logo.jpg Graphic file (type jpg)
<use Images/usyd_logo.jpg>
Package pdftex.def Info: Images/usyd_logo.jpg used on input line 252.
(pdftex.def)             Requested size: 57.92496pt x 28.45274pt.
 [54]
Underfull \hbox (badness 1107) in paragraph at lines 282--283
[]\OT1/cmr/m/n/12 in con-tact with the As-sis-tant Di-rec-tor of Nurs-ing
 []


Overfull \hbox (8.49707pt too wide) in paragraph at lines 254--286
[] [] 
 []

File: Images/usyd_logo.jpg Graphic file (type jpg)
<use Images/usyd_logo.jpg>
Package pdftex.def Info: Images/usyd_logo.jpg used on input line 287.
(pdftex.def)             Requested size: 57.92496pt x 28.45274pt.
 [55]
Overfull \hbox (8.49707pt too wide) in paragraph at lines 289--317
[] [] 
 []

File: Images/usyd_logo.jpg Graphic file (type jpg)
<use Images/usyd_logo.jpg>
Package pdftex.def Info: Images/usyd_logo.jpg used on input line 318.
(pdftex.def)             Requested size: 57.92496pt x 28.45274pt.
 [56]
<Images/Patient-Handover-List-1.jpg, id=876, 614.295pt x 843.3909pt>
File: Images/Patient-Handover-List-1.jpg Graphic file (type jpg)

<use Images/Patient-Handover-List-1.jpg>
Package pdftex.def Info: Images/Patient-Handover-List-1.jpg used on input line 
324.
(pdftex.def)             Requested size: 614.29349pt x 843.38884pt.

<Images/Patient-Handover-List-2.jpg, id=877, 614.295pt x 843.3909pt>
File: Images/Patient-Handover-List-2.jpg Graphic file (type jpg)

<use Images/Patient-Handover-List-2.jpg>
Package pdftex.def Info: Images/Patient-Handover-List-2.jpg used on input line 
330.
(pdftex.def)             Requested size: 614.29349pt x 843.38884pt.
File: Images/usyd_logo.jpg Graphic file (type jpg)
 <use Images/usyd_logo.jpg>
Package pdftex.def Info: Images/usyd_logo.jpg used on input line 334.
(pdftex.def)             Requested size: 57.92496pt x 28.45274pt.
 [57 <./Images/Patient-Handover-List-1.jpg>]
File: Images/usyd_logo.jpg Graphic file (type jpg)
 <use Images/usyd_logo.jpg>
Package pdftex.def Info: Images/usyd_logo.jpg used on input line 334.
(pdftex.def)             Requested size: 57.92496pt x 28.45274pt.
 [58 <./Images/Patient-Handover-List-2.jpg>]
<Images/Nursing-Care-Record-Paper-1.jpg, id=888, 614.295pt x 843.3909pt>
File: Images/Nursing-Care-Record-Paper-1.jpg Graphic file (type jpg)

<use Images/Nursing-Care-Record-Paper-1.jpg>
Package pdftex.def Info: Images/Nursing-Care-Record-Paper-1.jpg used on input l
ine 340.
(pdftex.def)             Requested size: 614.29349pt x 843.38884pt.
File: Images/usyd_logo.jpg Graphic file (type jpg)
 <use Images/usyd_logo.jpg>
Package pdftex.def Info: Images/usyd_logo.jpg used on input line 343.
(pdftex.def)             Requested size: 57.92496pt x 28.45274pt.

[59 <./Images/Nursing-Care-Record-Paper-1.jpg>]
<Images/Nursing-Care-Record-Paper-2.jpg, id=894, 614.295pt x 843.3909pt>
File: Images/Nursing-Care-Record-Paper-2.jpg Graphic file (type jpg)

<use Images/Nursing-Care-Record-Paper-2.jpg>
Package pdftex.def Info: Images/Nursing-Care-Record-Paper-2.jpg used on input l
ine 347.
(pdftex.def)             Requested size: 614.29349pt x 843.38884pt.
File: Images/usyd_logo.jpg Graphic file (type jpg)
 <use Images/usyd_logo.jpg>
Package pdftex.def Info: Images/usyd_logo.jpg used on input line 351.
(pdftex.def)             Requested size: 57.92496pt x 28.45274pt.

[60 <./Images/Nursing-Care-Record-Paper-2.jpg>]
<Images/Nursing-Care-Record-Designer.png, id=900, 1284.8pt x 1027.84pt>
File: Images/Nursing-Care-Record-Designer.png Graphic file (type png)

<use Images/Nursing-Care-Record-Designer.png>
Package pdftex.def Info: Images/Nursing-Care-Record-Designer.png used on input 
line 354.
(pdftex.def)             Requested size: 1284.79688pt x 1027.8375pt.
File: Images/usyd_logo.jpg Graphic file (type jpg)
 <use Images/usyd_logo.jpg>
Package pdftex.def Info: Images/usyd_logo.jpg used on input line 360.
(pdftex.def)             Requested size: 57.92496pt x 28.45274pt.

[61 <./Images/Nursing-Care-Record-Designer.png>]
<Images/Nursing-Care-Record-Web.png, id=906, 1266.7325pt x 976.64874pt>
File: Images/Nursing-Care-Record-Web.png Graphic file (type png)

<use Images/Nursing-Care-Record-Web.png>
Package pdftex.def Info: Images/Nursing-Care-Record-Web.png used on input line 
363.
(pdftex.def)             Requested size: 1266.72942pt x 976.64636pt.
File: Images/usyd_logo.jpg Graphic file (type jpg)
 <use Images/usyd_logo.jpg>
Package pdftex.def Info: Images/usyd_logo.jpg used on input line 367.
(pdftex.def)             Requested size: 57.92496pt x 28.45274pt.
 [62 <./Images/Nursing-Care-Record-Web.png>]
File: Images/usyd_logo.jpg Graphic file (type jpg)
 <use Images/usyd_logo.jpg>
Package pdftex.def Info: Images/usyd_logo.jpg used on input line 411.
(pdftex.def)             Requested size: 57.92496pt x 28.45274pt.
 [63]
File: Images/usyd_logo.jpg Graphic file (type jpg)

<use Images/usyd_logo.jpg>
Package pdftex.def Info: Images/usyd_logo.jpg used on input line 446.
(pdftex.def)             Requested size: 57.92496pt x 28.45274pt.
 [64]
<Images/DataFlow.png, id=933, 404.51125pt x 392.46625pt>
File: Images/DataFlow.png Graphic file (type png)

<use Images/DataFlow.png>
Package pdftex.def Info: Images/DataFlow.png used on input line 454.
(pdftex.def)             Requested size: 404.51025pt x 392.46527pt.
File: Images/usyd_logo.jpg Graphic file (type jpg)
 <use Images/usyd_logo.jpg>
Package pdftex.def Info: Images/usyd_logo.jpg used on input line 459.
(pdftex.def)             Requested size: 57.92496pt x 28.45274pt.
 [65 <./Images/DataFlow.png>] <Images/Handover-Workflow.png, id=940, 551.05875p
t x 291.0875pt>
File: Images/Handover-Workflow.png Graphic file (type png)

<use Images/Handover-Workflow.png>
Package pdftex.def Info: Images/Handover-Workflow.png used on input line 469.
(pdftex.def)             Requested size: 551.05739pt x 291.08678pt.
File: Images/usyd_logo.jpg Graphic file (type jpg)
 <use Images/usyd_logo.jpg>
Package pdftex.def Info: Images/usyd_logo.jpg used on input line 473.
(pdftex.def)             Requested size: 57.92496pt x 28.45274pt.
 [66 <./Images/Handover-Workflow.png>]
<Images/General-Patient-Information.png, id=946, 480.79625pt x 74.2775pt>
File: Images/General-Patient-Information.png Graphic file (type png)

<use Images/General-Patient-Information.png>
Package pdftex.def Info: Images/General-Patient-Information.png used on input l
ine 479.
(pdftex.def)             Requested size: 480.79506pt x 74.27731pt.

<Images/Data-Entry.png, id=947, 556.0775pt x 178.6675pt>
File: Images/Data-Entry.png Graphic file (type png)

<use Images/Data-Entry.png>
Package pdftex.def Info: Images/Data-Entry.png used on input line 488.
(pdftex.def)             Requested size: 556.07614pt x 178.66705pt.
File: Images/usyd_logo.jpg Graphic file (type jpg)
 <use Images/usyd_logo.jpg>
Package pdftex.def Info: Images/usyd_logo.jpg used on input line 492.
(pdftex.def)             Requested size: 57.92496pt x 28.45274pt.
 [67 <./Images/General-Patient-Information.png> <./Images/Data-Entry.png>]
<Images/iCIMS-Tracking-List-Cropped.png, id=955, 1264.725pt x 377.41pt>
File: Images/iCIMS-Tracking-List-Cropped.png Graphic file (type png)

<use Images/iCIMS-Tracking-List-Cropped.png>
Package pdftex.def Info: Images/iCIMS-Tracking-List-Cropped.png used on input l
ine 499.
(pdftex.def)             Requested size: 1264.72192pt x 377.40907pt.

<Images/iCIMS-Very-Uncomplex-Patient.png, id=956, 1268.74pt x 1127.21124pt>
File: Images/iCIMS-Very-Uncomplex-Patient.png Graphic file (type png)

<use Images/iCIMS-Very-Uncomplex-Patient.png>
Package pdftex.def Info: Images/iCIMS-Very-Uncomplex-Patient.png used on input 
line 509.
(pdftex.def)             Requested size: 1268.73691pt x 1127.2085pt.
File: Images/usyd_logo.jpg Graphic file (type jpg)
 <use Images/usyd_logo.jpg>
Package pdftex.def Info: Images/usyd_logo.jpg used on input line 513.
(pdftex.def)             Requested size: 57.92496pt x 28.45274pt.

[68 <./Images/iCIMS-Tracking-List-Cropped.png> <./Images/iCIMS-Very-Uncomplex-P
atient.png>]
<Images/iCIMS-Medium-Patient.png, id=965, 1268.74pt x 1127.21124pt>
File: Images/iCIMS-Medium-Patient.png Graphic file (type png)

<use Images/iCIMS-Medium-Patient.png>
Package pdftex.def Info: Images/iCIMS-Medium-Patient.png used on input line 519
.
(pdftex.def)             Requested size: 1268.73691pt x 1127.2085pt.

Overfull \hbox (28.45575pt too wide) in paragraph at lines 519--520
 [][] 
 []

File: Images/usyd_logo.jpg Graphic file (type jpg)
<use Images/usyd_logo.jpg>
Package pdftex.def Info: Images/usyd_logo.jpg used on input line 523.
(pdftex.def)             Requested size: 57.92496pt x 28.45274pt.
 [69 <./Images/iCIMS-Medium-Patient.png>]
<Images/iCIMS-Complex-Patient.png, id=972, 1268.74pt x 1127.21124pt>
File: Images/iCIMS-Complex-Patient.png Graphic file (type png)

<use Images/iCIMS-Complex-Patient.png>
Package pdftex.def Info: Images/iCIMS-Complex-Patient.png used on input line 52
9.
(pdftex.def)             Requested size: 1268.73691pt x 1127.2085pt.

Overfull \hbox (28.45575pt too wide) in paragraph at lines 529--530
 [][] 
 []

File: Images/usyd_logo.jpg Graphic file (type jpg)
<use Images/usyd_logo.jpg>
Package pdftex.def Info: Images/usyd_logo.jpg used on input line 533.
(pdftex.def)             Requested size: 57.92496pt x 28.45274pt.
 [70 <./Images/iCIMS-Complex-Patient.png>]
<Images/iCIMS-General-Patient-Information.png, id=979, 1279.78125pt x 903.375pt
>
File: Images/iCIMS-General-Patient-Information.png Graphic file (type png)
 <use Images/iCIMS-General-Patient-Information.png>
Package pdftex.def Info: Images/iCIMS-General-Patient-Information.png used on i
nput line 539.
(pdftex.def)             Requested size: 1279.77814pt x 903.3728pt.

Overfull \hbox (28.46043pt too wide) in paragraph at lines 539--540
 [][] 
 []

File: Images/usyd_logo.jpg Graphic file (type jpg)
<use Images/usyd_logo.jpg>
Package pdftex.def Info: Images/usyd_logo.jpg used on input line 543.
(pdftex.def)             Requested size: 57.92496pt x 28.45274pt.
 [71 <./Images/iCIMS-General-Patient-Information.png>] <Images/iCIMS-PainSympto
mAssessment.png, id=986, 1279.78125pt x 906.38625pt>
File: Images/iCIMS-PainSymptomAssessment.png Graphic file (type png)

<use Images/iCIMS-PainSymptomAssessment.png>
Package pdftex.def Info: Images/iCIMS-PainSymptomAssessment.png used on input l
ine 548.
(pdftex.def)             Requested size: 1279.77814pt x 906.38403pt.
File: Images/usyd_logo.jpg Graphic file (type jpg)
 <use Images/usyd_logo.jpg>
Package pdftex.def Info: Images/usyd_logo.jpg used on input line 552.
(pdftex.def)             Requested size: 57.92496pt x 28.45274pt.

[72 <./Images/iCIMS-PainSymptomAssessment.png>]
<Images/iCIMS-PainSymptomAssesmentTable.png, id=993, 1264.725pt x 1026.83624pt>
File: Images/iCIMS-PainSymptomAssesmentTable.png Graphic file (type png)
<use Images/iCIMS-PainSymptomAssesmentTable.png>
Package pdftex.def Info: Images/iCIMS-PainSymptomAssesmentTable.png used on inp
ut line 558.
(pdftex.def)             Requested size: 1264.72192pt x 1026.83374pt.

Overfull \hbox (28.45607pt too wide) in paragraph at lines 558--559
 [][] 
 []

File: Images/usyd_logo.jpg Graphic file (type jpg)
<use Images/usyd_logo.jpg>
Package pdftex.def Info: Images/usyd_logo.jpg used on input line 562.
(pdftex.def)             Requested size: 57.92496pt x 28.45274pt.
 [73 <./Images/iCIMS-PainSymptomAssesmentTable.png>]
<Images/iCIMS-NCREmpty.png, id=1001, 1266.7325pt x 976.64874pt>
File: Images/iCIMS-NCREmpty.png Graphic file (type png)

<use Images/iCIMS-NCREmpty.png>
Package pdftex.def Info: Images/iCIMS-NCREmpty.png used on input line 568.
(pdftex.def)             Requested size: 1266.72942pt x 976.64636pt.

Overfull \hbox (28.4572pt too wide) in paragraph at lines 568--569
 [][] 
 []

File: Images/usyd_logo.jpg Graphic file (type jpg)
<use Images/usyd_logo.jpg>
Package pdftex.def Info: Images/usyd_logo.jpg used on input line 572.
(pdftex.def)             Requested size: 57.92496pt x 28.45274pt.
 [74 <./Images/iCIMS-NCREmpty.png>]
<Images/iCIMS-NCRCommunication.png, id=1008, 1266.7325pt x 976.64874pt>
File: Images/iCIMS-NCRCommunication.png Graphic file (type png)

<use Images/iCIMS-NCRCommunication.png>
Package pdftex.def Info: Images/iCIMS-NCRCommunication.png used on input line 5
75.
(pdftex.def)             Requested size: 1266.72942pt x 976.64636pt.

Overfull \hbox (28.4572pt too wide) in paragraph at lines 575--576
 [][] 
 []

File: Images/usyd_logo.jpg Graphic file (type jpg)
<use Images/usyd_logo.jpg>
Package pdftex.def Info: Images/usyd_logo.jpg used on input line 579.
(pdftex.def)             Requested size: 57.92496pt x 28.45274pt.
 [75 <./Images/iCIMS-NCRCommunication.png>]
<Images/iCIMS-NCRFluidsNutrition.png, id=1015, 1266.7325pt x 976.64874pt>
File: Images/iCIMS-NCRFluidsNutrition.png Graphic file (type png)

<use Images/iCIMS-NCRFluidsNutrition.png>
Package pdftex.def Info: Images/iCIMS-NCRFluidsNutrition.png used on input line
 582.
(pdftex.def)             Requested size: 1266.72942pt x 976.64636pt.

Overfull \hbox (28.4572pt too wide) in paragraph at lines 582--583
 [][] 
 []

File: Images/usyd_logo.jpg Graphic file (type jpg)
<use Images/usyd_logo.jpg>
Package pdftex.def Info: Images/usyd_logo.jpg used on input line 586.
(pdftex.def)             Requested size: 57.92496pt x 28.45274pt.
 [76 <./Images/iCIMS-NCRFluidsNutrition.png>]
<Images/iCIMS-NCRIVSCCannula.png, id=1022, 1264.725pt x 976.64874pt>
File: Images/iCIMS-NCRIVSCCannula.png Graphic file (type png)

<use Images/iCIMS-NCRIVSCCannula.png>
Package pdftex.def Info: Images/iCIMS-NCRIVSCCannula.png used on input line 589
.
(pdftex.def)             Requested size: 1264.72192pt x 976.64636pt.

Overfull \hbox (28.45607pt too wide) in paragraph at lines 589--590
 [][] 
 []

File: Images/usyd_logo.jpg Graphic file (type jpg)
<use Images/usyd_logo.jpg>
Package pdftex.def Info: Images/usyd_logo.jpg used on input line 593.
(pdftex.def)             Requested size: 57.92496pt x 28.45274pt.
 [77 <./Images/iCIMS-NCRIVSCCannula.png>]
<Images/iCIMS-NCRPainManagement.png, id=1029, 1264.725pt x 976.64874pt>
File: Images/iCIMS-NCRPainManagement.png Graphic file (type png)

<use Images/iCIMS-NCRPainManagement.png>
Package pdftex.def Info: Images/iCIMS-NCRPainManagement.png used on input line 
596.
(pdftex.def)             Requested size: 1264.72192pt x 976.64636pt.

Overfull \hbox (28.45607pt too wide) in paragraph at lines 596--597
 [][] 
 []

File: Images/usyd_logo.jpg Graphic file (type jpg)
<use Images/usyd_logo.jpg>
Package pdftex.def Info: Images/usyd_logo.jpg used on input line 600.
(pdftex.def)             Requested size: 57.92496pt x 28.45274pt.
 [78 <./Images/iCIMS-NCRPainManagement.png>]
<Images/iCIMS-NCROxygenTherapy.png, id=1036, 1266.7325pt x 976.64874pt>
File: Images/iCIMS-NCROxygenTherapy.png Graphic file (type png)

<use Images/iCIMS-NCROxygenTherapy.png>
Package pdftex.def Info: Images/iCIMS-NCROxygenTherapy.png used on input line 6
03.
(pdftex.def)             Requested size: 1266.72942pt x 976.64636pt.

Overfull \hbox (28.4572pt too wide) in paragraph at lines 603--604
 [][] 
 []

File: Images/usyd_logo.jpg Graphic file (type jpg)
<use Images/usyd_logo.jpg>
Package pdftex.def Info: Images/usyd_logo.jpg used on input line 607.
(pdftex.def)             Requested size: 57.92496pt x 28.45274pt.
 [79 <./Images/iCIMS-NCROxygenTherapy.png>]
<Images/iCIMS-NCRWoundManagement.png, id=1044, 1264.725pt x 976.64874pt>
File: Images/iCIMS-NCRWoundManagement.png Graphic file (type png)

<use Images/iCIMS-NCRWoundManagement.png>
Package pdftex.def Info: Images/iCIMS-NCRWoundManagement.png used on input line
 610.
(pdftex.def)             Requested size: 1264.72192pt x 976.64636pt.

Overfull \hbox (28.45607pt too wide) in paragraph at lines 610--611
 [][] 
 []

File: Images/usyd_logo.jpg Graphic file (type jpg)
<use Images/usyd_logo.jpg>
Package pdftex.def Info: Images/usyd_logo.jpg used on input line 614.
(pdftex.def)             Requested size: 57.92496pt x 28.45274pt.
 [80 <./Images/iCIMS-NCRWoundManagement.png>]
<Images/iCIMS-NCRPressureCare.png, id=1051, 1264.725pt x 976.64874pt>
File: Images/iCIMS-NCRPressureCare.png Graphic file (type png)

<use Images/iCIMS-NCRPressureCare.png>
Package pdftex.def Info: Images/iCIMS-NCRPressureCare.png used on input line 61
7.
(pdftex.def)             Requested size: 1264.72192pt x 976.64636pt.

Overfull \hbox (28.45607pt too wide) in paragraph at lines 617--618
 [][] 
 []

File: Images/usyd_logo.jpg Graphic file (type jpg)
<use Images/usyd_logo.jpg>
Package pdftex.def Info: Images/usyd_logo.jpg used on input line 621.
(pdftex.def)             Requested size: 57.92496pt x 28.45274pt.
 [81 <./Images/iCIMS-NCRPressureCare.png>]
<Images/iCIMS-NCRDrains.png, id=1058, 1266.7325pt x 976.64874pt>
File: Images/iCIMS-NCRDrains.png Graphic file (type png)

<use Images/iCIMS-NCRDrains.png>
Package pdftex.def Info: Images/iCIMS-NCRDrains.png used on input line 624.
(pdftex.def)             Requested size: 1266.72942pt x 976.64636pt.

Overfull \hbox (28.4572pt too wide) in paragraph at lines 624--625
 [][] 
 []

File: Images/usyd_logo.jpg Graphic file (type jpg)
<use Images/usyd_logo.jpg>
Package pdftex.def Info: Images/usyd_logo.jpg used on input line 628.
(pdftex.def)             Requested size: 57.92496pt x 28.45274pt.
 [82 <./Images/iCIMS-NCRDrains.png>]
<Images/iCIMS-NCRElimination.png, id=1065, 1266.7325pt x 976.64874pt>
File: Images/iCIMS-NCRElimination.png Graphic file (type png)

<use Images/iCIMS-NCRElimination.png>
Package pdftex.def Info: Images/iCIMS-NCRElimination.png used on input line 631
.
(pdftex.def)             Requested size: 1266.72942pt x 976.64636pt.

Overfull \hbox (28.4572pt too wide) in paragraph at lines 631--632
 [][] 
 []

File: Images/usyd_logo.jpg Graphic file (type jpg)
<use Images/usyd_logo.jpg>
Package pdftex.def Info: Images/usyd_logo.jpg used on input line 635.
(pdftex.def)             Requested size: 57.92496pt x 28.45274pt.
 [83 <./Images/iCIMS-NCRElimination.png>]
<Images/iCIMS-NCRHygiene.png, id=1072, 1266.7325pt x 976.64874pt>
File: Images/iCIMS-NCRHygiene.png Graphic file (type png)

<use Images/iCIMS-NCRHygiene.png>
Package pdftex.def Info: Images/iCIMS-NCRHygiene.png used on input line 638.
(pdftex.def)             Requested size: 1266.72942pt x 976.64636pt.

Overfull \hbox (28.4572pt too wide) in paragraph at lines 638--639
 [][] 
 []

File: Images/usyd_logo.jpg Graphic file (type jpg)
<use Images/usyd_logo.jpg>
Package pdftex.def Info: Images/usyd_logo.jpg used on input line 642.
(pdftex.def)             Requested size: 57.92496pt x 28.45274pt.
 [84 <./Images/iCIMS-NCRHygiene.png>]
<Images/iCIMS-NCRActivity.png, id=1079, 1266.7325pt x 976.64874pt>
File: Images/iCIMS-NCRActivity.png Graphic file (type png)

<use Images/iCIMS-NCRActivity.png>
Package pdftex.def Info: Images/iCIMS-NCRActivity.png used on input line 645.
(pdftex.def)             Requested size: 1266.72942pt x 976.64636pt.

Overfull \hbox (28.4572pt too wide) in paragraph at lines 645--646
 [][] 
 []

File: Images/usyd_logo.jpg Graphic file (type jpg)
<use Images/usyd_logo.jpg>
Package pdftex.def Info: Images/usyd_logo.jpg used on input line 649.
(pdftex.def)             Requested size: 57.92496pt x 28.45274pt.
 [85 <./Images/iCIMS-NCRActivity.png>]
<Images/iCIMS-NCRTable.png, id=1087, 1279.78125pt x 906.38625pt>
File: Images/iCIMS-NCRTable.png Graphic file (type png)

<use Images/iCIMS-NCRTable.png>
Package pdftex.def Info: Images/iCIMS-NCRTable.png used on input line 655.
(pdftex.def)             Requested size: 1279.77814pt x 906.38403pt.

Overfull \hbox (28.46043pt too wide) in paragraph at lines 655--656
 [][] 
 []

File: Images/usyd_logo.jpg Graphic file (type jpg)
<use Images/usyd_logo.jpg>
Package pdftex.def Info: Images/usyd_logo.jpg used on input line 659.
(pdftex.def)             Requested size: 57.92496pt x 28.45274pt.
 [86 <./Images/iCIMS-NCRTable.png>]
<Images/iCIMS-PatientHistory-Jenny.png, id=1095, 1264.725pt x 946.53625pt>
File: Images/iCIMS-PatientHistory-Jenny.png Graphic file (type png)

<use Images/iCIMS-PatientHistory-Jenny.png>
Package pdftex.def Info: Images/iCIMS-PatientHistory-Jenny.png used on input li
ne 666.
(pdftex.def)             Requested size: 1264.72192pt x 946.53395pt.

Overfull \hbox (28.45607pt too wide) in paragraph at lines 666--667
 [][] 
 []

File: Images/usyd_logo.jpg Graphic file (type jpg)
<use Images/usyd_logo.jpg>
Package pdftex.def Info: Images/usyd_logo.jpg used on input line 670.
(pdftex.def)             Requested size: 57.92496pt x 28.45274pt.
 [87 <./Images/iCIMS-PatientHistory-Jenny.png>]
<Images/iCIMS-PatientMobilityAssessment.png, id=1102, 1264.725pt x 1131.22626pt
>
File: Images/iCIMS-PatientMobilityAssessment.png Graphic file (type png)
 <use Images/iCIMS-PatientMobilityAssessment.png>
Package pdftex.def Info: Images/iCIMS-PatientMobilityAssessment.png used on inp
ut line 676.
(pdftex.def)             Requested size: 1264.72192pt x 1131.2235pt.

Overfull \hbox (28.45607pt too wide) in paragraph at lines 676--677
 [][] 
 []

File: Images/usyd_logo.jpg Graphic file (type jpg)
<use Images/usyd_logo.jpg>
Package pdftex.def Info: Images/usyd_logo.jpg used on input line 680.
(pdftex.def)             Requested size: 57.92496pt x 28.45274pt.
 [88 <./Images/iCIMS-PatientMobilityAssessment.png>]
<Images/iCIMS-AdultObsEntry.png, id=1109, 1279.78125pt x 906.38625pt>
File: Images/iCIMS-AdultObsEntry.png Graphic file (type png)

<use Images/iCIMS-AdultObsEntry.png>
Package pdftex.def Info: Images/iCIMS-AdultObsEntry.png used on input line 686.

(pdftex.def)             Requested size: 1279.77814pt x 906.38403pt.

Overfull \hbox (28.46043pt too wide) in paragraph at lines 686--687
 [][] 
 []

File: Images/usyd_logo.jpg Graphic file (type jpg)
<use Images/usyd_logo.jpg>
Package pdftex.def Info: Images/usyd_logo.jpg used on input line 690.
(pdftex.def)             Requested size: 57.92496pt x 28.45274pt.
 [89 <./Images/iCIMS-AdultObsEntry.png>]
<Images/iCIMS-AdultObsTable.png, id=1116, 1264.725pt x 1127.21124pt>
File: Images/iCIMS-AdultObsTable.png Graphic file (type png)

<use Images/iCIMS-AdultObsTable.png>
Package pdftex.def Info: Images/iCIMS-AdultObsTable.png used on input line 696.

(pdftex.def)             Requested size: 1264.72192pt x 1127.2085pt.

Overfull \hbox (28.45607pt too wide) in paragraph at lines 696--697
 [][] 
 []

File: Images/usyd_logo.jpg Graphic file (type jpg)
<use Images/usyd_logo.jpg>
Package pdftex.def Info: Images/usyd_logo.jpg used on input line 700.
(pdftex.def)             Requested size: 57.92496pt x 28.45274pt.
 [90 <./Images/iCIMS-AdultObsTable.png>]
<Images/iCIMS-ActionRecordEntry.png, id=1123, 1279.78125pt x 906.38625pt>
File: Images/iCIMS-ActionRecordEntry.png Graphic file (type png)

<use Images/iCIMS-ActionRecordEntry.png>
Package pdftex.def Info: Images/iCIMS-ActionRecordEntry.png used on input line 
706.
(pdftex.def)             Requested size: 1279.77814pt x 906.38403pt.

Overfull \hbox (28.46043pt too wide) in paragraph at lines 706--707
 [][] 
 []

File: Images/usyd_logo.jpg Graphic file (type jpg)
<use Images/usyd_logo.jpg>
Package pdftex.def Info: Images/usyd_logo.jpg used on input line 710.
(pdftex.def)             Requested size: 57.92496pt x 28.45274pt.
 [91 <./Images/iCIMS-ActionRecordEntry.png>]
<Images/iCIMS-ActionRecordTable.png, id=1131, 1279.78125pt x 906.38625pt>
File: Images/iCIMS-ActionRecordTable.png Graphic file (type png)

<use Images/iCIMS-ActionRecordTable.png>
Package pdftex.def Info: Images/iCIMS-ActionRecordTable.png used on input line 
716.
(pdftex.def)             Requested size: 1279.77814pt x 906.38403pt.

Overfull \hbox (28.46043pt too wide) in paragraph at lines 716--717
 [][] 
 []

File: Images/usyd_logo.jpg Graphic file (type jpg)
<use Images/usyd_logo.jpg>
Package pdftex.def Info: Images/usyd_logo.jpg used on input line 720.
(pdftex.def)             Requested size: 57.92496pt x 28.45274pt.
 [92 <./Images/iCIMS-ActionRecordTable.png>]
<Images/iCIMS-NurseRiskScreening.png, id=1138, 1264.725pt x 1127.21124pt>
File: Images/iCIMS-NurseRiskScreening.png Graphic file (type png)

<use Images/iCIMS-NurseRiskScreening.png>
Package pdftex.def Info: Images/iCIMS-NurseRiskScreening.png used on input line
 727.
(pdftex.def)             Requested size: 1264.72192pt x 1127.2085pt.

Overfull \hbox (28.45607pt too wide) in paragraph at lines 727--728
 [][] 
 []

File: Images/usyd_logo.jpg Graphic file (type jpg)
<use Images/usyd_logo.jpg>
Package pdftex.def Info: Images/usyd_logo.jpg used on input line 731.
(pdftex.def)             Requested size: 57.92496pt x 28.45274pt.
 [93 <./Images/iCIMS-NurseRiskScreening.png>]
<Images/iCIMS-AdminScreen.png, id=1145, 1264.725pt x 930.47626pt>
File: Images/iCIMS-AdminScreen.png Graphic file (type png)

<use Images/iCIMS-AdminScreen.png>
Package pdftex.def Info: Images/iCIMS-AdminScreen.png used on input line 737.
(pdftex.def)             Requested size: 1264.72192pt x 930.47398pt.

Overfull \hbox (28.45607pt too wide) in paragraph at lines 737--738
 [][] 
 []

File: Images/usyd_logo.jpg Graphic file (type jpg)
<use Images/usyd_logo.jpg>
Package pdftex.def Info: Images/usyd_logo.jpg used on input line 741.
(pdftex.def)             Requested size: 57.92496pt x 28.45274pt.
 [94 <./Images/iCIMS-AdminScreen.png>]
<Images/iCIMS-Allergy.png, id=1152, 253.94875pt x 210.7875pt>
File: Images/iCIMS-Allergy.png Graphic file (type png)

<use Images/iCIMS-Allergy.png>
Package pdftex.def Info: Images/iCIMS-Allergy.png used on input line 747.
(pdftex.def)             Requested size: 253.94812pt x 210.78699pt.

<Images/iCIMS-Comorbidity.png, id=1153, 307.1475pt x 198.7425pt>
File: Images/iCIMS-Comorbidity.png Graphic file (type png)

<use Images/iCIMS-Comorbidity.png>
Package pdftex.def Info: Images/iCIMS-Comorbidity.png used on input line 756.
(pdftex.def)             Requested size: 307.14674pt x 198.742pt.

<Images/iCIMS-VisualImpairment.png, id=1154, 368.37625pt x 219.82124pt>
File: Images/iCIMS-VisualImpairment.png Graphic file (type png)

<use Images/iCIMS-VisualImpairment.png>
Package pdftex.def Info: Images/iCIMS-VisualImpairment.png used on input line 7
65.
(pdftex.def)             Requested size: 368.37534pt x 219.8207pt.
File: Images/usyd_logo.jpg Graphic file (type jpg)
 <use Images/usyd_logo.jpg>
Package pdftex.def Info: Images/usyd_logo.jpg used on input line 769.
(pdftex.def)             Requested size: 57.92496pt x 28.45274pt.
 [95 <./Images/iCIMS-Allergy.png> <./Images/iCIMS-Comorbidity.png> <./Images/iC
IMS-VisualImpairment.png>]
<Images/iCIMS-FluidBalanceEntry.png, id=1165, 1279.78125pt x 906.38625pt>
File: Images/iCIMS-FluidBalanceEntry.png Graphic file (type png)

<use Images/iCIMS-FluidBalanceEntry.png>
Package pdftex.def Info: Images/iCIMS-FluidBalanceEntry.png used on input line 
775.
(pdftex.def)             Requested size: 1279.77814pt x 906.38403pt.

Overfull \hbox (28.46043pt too wide) in paragraph at lines 775--776
 [][] 
 []

File: Images/usyd_logo.jpg Graphic file (type jpg)
<use Images/usyd_logo.jpg>
Package pdftex.def Info: Images/usyd_logo.jpg used on input line 779.
(pdftex.def)             Requested size: 57.92496pt x 28.45274pt.
 [96 <./Images/iCIMS-FluidBalanceEntry.png>]
<Images/iCIMS-FluidBalanceTable.png, id=1172, 1279.78125pt x 906.38625pt>
File: Images/iCIMS-FluidBalanceTable.png Graphic file (type png)

<use Images/iCIMS-FluidBalanceTable.png>
Package pdftex.def Info: Images/iCIMS-FluidBalanceTable.png used on input line 
785.
(pdftex.def)             Requested size: 1279.77814pt x 906.38403pt.

Overfull \hbox (28.46043pt too wide) in paragraph at lines 785--786
 [][] 
 []

File: Images/usyd_logo.jpg Graphic file (type jpg)
<use Images/usyd_logo.jpg>
Package pdftex.def Info: Images/usyd_logo.jpg used on input line 789.
(pdftex.def)             Requested size: 57.92496pt x 28.45274pt.
 [97 <./Images/iCIMS-FluidBalanceTable.png>]
<Images/iCIMS-EmergencyOrderEntry.png, id=1180, 1279.78125pt x 906.38625pt>
File: Images/iCIMS-EmergencyOrderEntry.png Graphic file (type png)

<use Images/iCIMS-EmergencyOrderEntry.png>
Package pdftex.def Info: Images/iCIMS-EmergencyOrderEntry.png used on input lin
e 795.
(pdftex.def)             Requested size: 1279.77814pt x 906.38403pt.

Overfull \hbox (28.46043pt too wide) in paragraph at lines 795--796
 [][] 
 []

File: Images/usyd_logo.jpg Graphic file (type jpg)
<use Images/usyd_logo.jpg>
Package pdftex.def Info: Images/usyd_logo.jpg used on input line 799.
(pdftex.def)             Requested size: 57.92496pt x 28.45274pt.
 [98 <./Images/iCIMS-EmergencyOrderEntry.png>]
<Images/iCIMS-IntravenousFluidEntry.png, id=1187, 1279.78125pt x 906.38625pt>
File: Images/iCIMS-IntravenousFluidEntry.png Graphic file (type png)

<use Images/iCIMS-IntravenousFluidEntry.png>
Package pdftex.def Info: Images/iCIMS-IntravenousFluidEntry.png used on input l
ine 805.
(pdftex.def)             Requested size: 1279.77814pt x 906.38403pt.

Overfull \hbox (28.46043pt too wide) in paragraph at lines 805--806
 [][] 
 []

File: Images/usyd_logo.jpg Graphic file (type jpg)
<use Images/usyd_logo.jpg>
Package pdftex.def Info: Images/usyd_logo.jpg used on input line 809.
(pdftex.def)             Requested size: 57.92496pt x 28.45274pt.
 [99 <./Images/iCIMS-IntravenousFluidEntry.png>]
<Images/iCIMS-IVFluidEmergencyOrderTable.png, id=1194, 1312.905pt x 1327.96124p
t>
File: Images/iCIMS-IVFluidEmergencyOrderTable.png Graphic file (type png)
 <use Images/iCIMS-IVFluidEmergencyOrderTable.png>
Package pdftex.def Info: Images/iCIMS-IVFluidEmergencyOrderTable.png used on in
put line 815.
(pdftex.def)             Requested size: 1312.90181pt x 1327.95801pt.
File: Images/usyd_logo.jpg Graphic file (type jpg)

<use Images/usyd_logo.jpg>
Package pdftex.def Info: Images/usyd_logo.jpg used on input line 819.
(pdftex.def)             Requested size: 57.92496pt x 28.45274pt.
 [100 <./Images/iCIMS-IVFluidEmergencyOrderTable.png>]
<Images/iCIMS-OnceOnlyNurseInitMeds.png, id=1201, 1279.78125pt x 906.38625pt>
File: Images/iCIMS-OnceOnlyNurseInitMeds.png Graphic file (type png)

<use Images/iCIMS-OnceOnlyNurseInitMeds.png>
Package pdftex.def Info: Images/iCIMS-OnceOnlyNurseInitMeds.png used on input l
ine 825.
(pdftex.def)             Requested size: 1279.77814pt x 906.38403pt.

Overfull \hbox (28.46043pt too wide) in paragraph at lines 825--826
 [][] 
 []

File: Images/usyd_logo.jpg Graphic file (type jpg)
<use Images/usyd_logo.jpg>
Package pdftex.def Info: Images/usyd_logo.jpg used on input line 829.
(pdftex.def)             Requested size: 57.92496pt x 28.45274pt.
 [101 <./Images/iCIMS-OnceOnlyNurseInitMeds.png>]
<Images/iCIMS-TelephoneOrderEntry.png, id=1208, 1279.78125pt x 906.38625pt>
File: Images/iCIMS-TelephoneOrderEntry.png Graphic file (type png)

<use Images/iCIMS-TelephoneOrderEntry.png>
Package pdftex.def Info: Images/iCIMS-TelephoneOrderEntry.png used on input lin
e 835.
(pdftex.def)             Requested size: 1279.77814pt x 906.38403pt.

Overfull \hbox (28.46043pt too wide) in paragraph at lines 835--836
 [][] 
 []

File: Images/usyd_logo.jpg Graphic file (type jpg)
<use Images/usyd_logo.jpg>
Package pdftex.def Info: Images/usyd_logo.jpg used on input line 839.
(pdftex.def)             Requested size: 57.92496pt x 28.45274pt.
 [102 <./Images/iCIMS-TelephoneOrderEntry.png>]
<Images/iCIMS-MedicationChart.png, id=1215, 1264.725pt x 1131.22626pt>
File: Images/iCIMS-MedicationChart.png Graphic file (type png)

<use Images/iCIMS-MedicationChart.png>
Package pdftex.def Info: Images/iCIMS-MedicationChart.png used on input line 84
5.
(pdftex.def)             Requested size: 1264.72192pt x 1131.2235pt.

Overfull \hbox (28.45607pt too wide) in paragraph at lines 845--846
 [][] 
 []

File: Images/usyd_logo.jpg Graphic file (type jpg)
<use Images/usyd_logo.jpg>
Package pdftex.def Info: Images/usyd_logo.jpg used on input line 849.
(pdftex.def)             Requested size: 57.92496pt x 28.45274pt.
 [103 <./Images/iCIMS-MedicationChart.png>]
<Images/iCIMS-TempTransHandoverTicketToRide.png, id=1223, 1264.725pt x 1452.426
25pt>
File: Images/iCIMS-TempTransHandoverTicketToRide.png Graphic file (type png)
 <use Images/iCIMS-TempTransHandoverTicketToRide.png>
Package pdftex.def Info: Images/iCIMS-TempTransHandoverTicketToRide.png used on
 input line 855.
(pdftex.def)             Requested size: 1264.72192pt x 1452.42271pt.
)
File: Images/usyd_logo.jpg Graphic file (type jpg)

<use Images/usyd_logo.jpg>
Package pdftex.def Info: Images/usyd_logo.jpg used on input line 54.
(pdftex.def)             Requested size: 57.92496pt x 28.45274pt.
 [104 <./Images/iCIMS-TempTransHandoverTicketToRide.png>]
Package atveryend Info: Empty hook `BeforeClearDocument' on input line 60.
Package atveryend Info: Empty hook `AfterLastShipout' on input line 60.
 (./AcademicReport.aux (./Titlepage.aux) (./Chapters/Abstract.aux)
(./Chapters/01_Introduction.aux) (./Chapters/02_Process.aux)
(./Chapters/03_SystemDesign.aux) (./Chapters/04_Evaluation.aux)
(./Chapters/05_Reflection.aux) (./Chapters/06_Conclusion.aux)
(./Chapters/Appendix.aux))
Package atveryend Info: Executing hook `AtVeryEndDocument' on input line 60.
Package atveryend Info: Executing hook `AtEndAfterFileList' on input line 60.
Package rerunfilecheck Info: File `AcademicReport.out' has not changed.
(rerunfilecheck)             Checksum: 8E0CFAAF0526E8D60C3F86868F4BAC7F;7735.
Package atveryend Info: Empty hook `AtVeryVeryEnd' on input line 60.
 ) 
Here is how much of TeX's memory you used:
 14204 strings out of 493633
 217560 string characters out of 3143378
 349226 words of memory out of 3000000
 16841 multiletter control sequences out of 15000+200000
 9306 words of font info for 33 fonts, out of 3000000 for 9000
 831 hyphenation exceptions out of 8191
 40i,15n,65p,1754b,574s stack positions out of 5000i,500n,10000p,200000b,50000s
</usr/local/texlive/2011/texmf-dist/fonts/type1/public/amsfonts/cm/cmbx12.pfb
></usr/local/texlive/2011/texmf-dist/fonts/type1/public/amsfonts/cm/cmr12.pfb><
/usr/local/texlive/2011/texmf-dist/fonts/type1/public/amsfonts/cm/cmr17.pfb></u
sr/local/texlive/2011/texmf-dist/fonts/type1/public/amsfonts/cm/cmssbx10.pfb></
usr/local/texlive/2011/texmf-dist/fonts/type1/public/amsfonts/cm/cmsy10.pfb></u
sr/local/texlive/2011/texmf-dist/fonts/type1/public/amsfonts/cm/cmti12.pfb></us
r/local/texlive/2011/texmf-dist/fonts/type1/public/amsfonts/cm/cmtt12.pfb>
Output written on AcademicReport.pdf (104 pages, 7371794 bytes).
PDF statistics:
 1337 PDF objects out of 1440 (max. 8388607)
 1113 compressed objects within 12 object streams
 361 named destinations out of 1000 (max. 500000)
 1059 words of extra memory for PDF output out of 10000 (max. 10000000)

