\BOOKMARK [1][]{Doc-Start}{Abstract}{}% 1
\BOOKMARK [1][]{section*.4}{Glossary}{}% 2
\BOOKMARK [1][]{section.1}{1 Introduction}{}% 3
\BOOKMARK [2][]{subsection.1.1}{1.1 Client Profile}{section.1}% 4
\BOOKMARK [2][]{subsection.1.2}{1.2 Project Description and Scope}{section.1}% 5
\BOOKMARK [3][]{subsubsection.1.2.1}{1.2.1 Project Description}{subsection.1.2}% 6
\BOOKMARK [3][]{subsubsection.1.2.2}{1.2.2 Scope}{subsection.1.2}% 7
\BOOKMARK [2][]{subsection.1.3}{1.3 Project Objectives}{section.1}% 8
\BOOKMARK [3][]{subsubsection.1.3.1}{1.3.1 Risks}{subsection.1.3}% 9
\BOOKMARK [3][]{subsubsection.1.3.2}{1.3.2 Assumptions}{subsection.1.3}% 10
\BOOKMARK [3][]{subsubsection.1.3.3}{1.3.3 Issues}{subsection.1.3}% 11
\BOOKMARK [2][]{subsection.1.4}{1.4 Anticipated Outcomes / Results for the Project}{section.1}% 12
\BOOKMARK [3][]{subsubsection.1.4.1}{1.4.1 First Draft Computerised Handover Form}{subsection.1.4}% 13
\BOOKMARK [3][]{subsubsection.1.4.2}{1.4.2 Understanding of IT/IS within the Health Domain}{subsection.1.4}% 14
\BOOKMARK [3][]{subsubsection.1.4.3}{1.4.3 Requirements Analysis Complete}{subsection.1.4}% 15
\BOOKMARK [2][]{subsection.1.5}{1.5 Benefits of the Project}{section.1}% 16
\BOOKMARK [3][]{subsubsection.1.5.1}{1.5.1 Technology Evangelisation}{subsection.1.5}% 17
\BOOKMARK [3][]{subsubsection.1.5.2}{1.5.2 Pilot Project}{subsection.1.5}% 18
\BOOKMARK [3][]{subsubsection.1.5.3}{1.5.3 End-User Driven Development}{subsection.1.5}% 19
\BOOKMARK [3][]{subsubsection.1.5.4}{1.5.4 Trialing Designer Tool}{subsection.1.5}% 20
\BOOKMARK [1][]{section.2}{2 Process}{}% 21
\BOOKMARK [2][]{subsection.2.1}{2.1 Overview}{section.2}% 22
\BOOKMARK [3][]{subsubsection.2.1.1}{2.1.1 Participative Observations}{subsection.2.1}% 23
\BOOKMARK [3][]{subsubsection.2.1.2}{2.1.2 User Interviews}{subsection.2.1}% 24
\BOOKMARK [3][]{subsubsection.2.1.3}{2.1.3 Feedback Notes}{subsection.2.1}% 25
\BOOKMARK [2][]{subsection.2.2}{2.2 Tools and Skills}{section.2}% 26
\BOOKMARK [2][]{subsection.2.3}{2.3 Scope and Schedule}{section.2}% 27
\BOOKMARK [1][]{section.3}{3 System Design}{}% 28
\BOOKMARK [2][]{subsection.3.1}{3.1 Handover Overview}{section.3}% 29
\BOOKMARK [2][]{subsection.3.2}{3.2 Current Handover Process}{section.3}% 30
\BOOKMARK [2][]{subsection.3.3}{3.3 Requirements Analysis}{section.3}% 31
\BOOKMARK [2][]{subsection.3.4}{3.4 Form Gathering}{section.3}% 32
\BOOKMARK [2][]{subsection.3.5}{3.5 Design Process}{section.3}% 33
\BOOKMARK [2][]{subsection.3.6}{3.6 User Scenarios}{section.3}% 34
\BOOKMARK [1][]{section.4}{4 Evaluation}{}% 35
\BOOKMARK [2][]{subsection.4.1}{4.1 Testing Procedures}{section.4}% 36
\BOOKMARK [2][]{subsection.4.2}{4.2 Interpretation of Results}{section.4}% 37
\BOOKMARK [1][]{section.5}{5 Future Work}{}% 38
\BOOKMARK [1][]{section.6}{6 Reflection}{}% 39
\BOOKMARK [2][]{subsection.6.1}{6.1 Contribution}{section.6}% 40
\BOOKMARK [2][]{subsection.6.2}{6.2 Difficulties}{section.6}% 41
\BOOKMARK [2][]{subsection.6.3}{6.3 Lessons Learned}{section.6}% 42
\BOOKMARK [2][]{subsection.6.4}{6.4 Future Suggestions}{section.6}% 43
\BOOKMARK [1][]{section.7}{7 Conclusion}{}% 44
\BOOKMARK [2][]{subsection.7.1}{7.1 Concluding Remarks}{section.7}% 45
\BOOKMARK [2][]{subsection.7.2}{7.2 Strengths and Weaknesses}{section.7}% 46
\BOOKMARK [2][]{subsection.7.3}{7.3 A Second Time}{section.7}% 47
\BOOKMARK [2][]{subsection.7.4}{7.4 Future Work}{section.7}% 48
\BOOKMARK [1][]{appendix.A}{A Bibliography}{}% 49
\BOOKMARK [1][]{appendix.B}{B Appendix}{}% 50
\BOOKMARK [2][]{subsection.B.1}{B.1 User Roles}{appendix.B}% 51
